<?xml version="1.0" encoding="UTF-8"?>
<coverage generated="1663788625154" clover="3.2.0">
  <project timestamp="1663788625154" name="All files">
    <metrics statements="14" coveredstatements="14" conditionals="3" coveredconditionals="3" methods="3" coveredmethods="3" elements="20" coveredelements="20" complexity="0" loc="14" ncloc="14" packages="1" files="2" classes="2"/>
    <file name="constants.js" path="/Users/elkin.alcaraz/Documents/Development/wolox-javascript-for-qa/unit test/constants.js">
      <metrics statements="3" coveredstatements="3" conditionals="0" coveredconditionals="0" methods="0" coveredmethods="0"/>
      <line num="1" count="1" type="stmt"/>
      <line num="2" count="1" type="stmt"/>
      <line num="4" count="1" type="stmt"/>
    </file>
    <file name="operations.js" path="/Users/elkin.alcaraz/Documents/Development/wolox-javascript-for-qa/unit test/operations.js">
      <metrics statements="11" coveredstatements="11" conditionals="3" coveredconditionals="3" methods="3" coveredmethods="3"/>
      <line num="1" count="1" type="stmt"/>
      <line num="3" count="1" type="stmt"/>
      <line num="4" count="2" type="stmt"/>
      <line num="7" count="1" type="stmt"/>
      <line num="8" count="2" type="stmt"/>
      <line num="11" count="1" type="stmt"/>
      <line num="12" count="3" type="cond" truecount="3" falsecount="0"/>
      <line num="14" count="1" type="stmt"/>
      <line num="16" count="1" type="stmt"/>
      <line num="18" count="1" type="stmt"/>
      <line num="22" count="1" type="stmt"/>
    </file>
  </project>
</coverage>
