{"/Users/elkin.alcaraz/Documents/Development/wolox-javascript-for-qa/unit test/constants.js": {"path":"/Users/elkin.alcaraz/Documents/Development/wolox-javascript-for-qa/unit test/constants.js","statementMap":{"0":{"start":{"line":1,"column":13},"end":{"line":1,"column":91}},"1":{"start":{"line":2,"column":13},"end":{"line":2,"column":87}},"2":{"start":{"line":4,"column":0},"end":{"line":7,"column":2}}},"fnMap":{},"branchMap":{},"s":{"0":1,"1":1,"2":1},"f":{},"b":{},"_coverageSchema":"1a1c01bbd47fc00a2c39e90264f33305004495a9","hash":"6668e8b194568f2d77de10833847070c78febdcd"}
,"/Users/elkin.alcaraz/Documents/Development/wolox-javascript-for-qa/unit test/operations.js": {"path":"/Users/elkin.alcaraz/Documents/Development/wolox-javascript-for-qa/unit test/operations.js","statementMap":{"0":{"start":{"line":1,"column":23},"end":{"line":1,"column":45}},"1":{"start":{"line":3,"column":22},"end":{"line":5,"column":1}},"2":{"start":{"line":4,"column":2},"end":{"line":4,"column":23}},"3":{"start":{"line":7,"column":26},"end":{"line":9,"column":1}},"4":{"start":{"line":8,"column":2},"end":{"line":8,"column":14}},"5":{"start":{"line":11,"column":26},"end":{"line":20,"column":1}},"6":{"start":{"line":12,"column":2},"end":{"line":19,"column":3}},"7":{"start":{"line":14,"column":6},"end":{"line":14,"column":18}},"8":{"start":{"line":16,"column":6},"end":{"line":16,"column":18}},"9":{"start":{"line":18,"column":6},"end":{"line":18,"column":16}},"10":{"start":{"line":22,"column":0},"end":{"line":26,"column":2}}},"fnMap":{"0":{"name":"(anonymous_0)","decl":{"start":{"line":3,"column":22},"end":{"line":3,"column":23}},"loc":{"start":{"line":3,"column":32},"end":{"line":5,"column":1}},"line":3},"1":{"name":"(anonymous_1)","decl":{"start":{"line":7,"column":26},"end":{"line":7,"column":27}},"loc":{"start":{"line":7,"column":32},"end":{"line":9,"column":1}},"line":7},"2":{"name":"(anonymous_2)","decl":{"start":{"line":11,"column":26},"end":{"line":11,"column":27}},"loc":{"start":{"line":11,"column":40},"end":{"line":20,"column":1}},"line":11}},"branchMap":{"0":{"loc":{"start":{"line":12,"column":2},"end":{"line":19,"column":3}},"type":"switch","locations":[{"start":{"line":13,"column":4},"end":{"line":14,"column":18}},{"start":{"line":15,"column":4},"end":{"line":16,"column":18}},{"start":{"line":17,"column":4},"end":{"line":18,"column":16}}],"line":12}},"s":{"0":1,"1":1,"2":2,"3":1,"4":2,"5":1,"6":3,"7":1,"8":1,"9":1,"10":1},"f":{"0":2,"1":2,"2":3},"b":{"0":[1,1,1]},"_coverageSchema":"1a1c01bbd47fc00a2c39e90264f33305004495a9","hash":"69f20fe0313bd63f27d531704170ec5184d93bf3"}
}
